<?xml version="1.0" encoding="UTF-8"?>
<testng-results ignored="0" total="2" passed="2" failed="0" skipped="0">
  <reporter-output>
  </reporter-output>
  <suite started-at="2025-05-21T02:12:00 PDT" name="Default suite" finished-at="2025-05-21T02:12:32 PDT" duration-ms="32137">
    <groups>
    </groups>
    <test started-at="2025-05-21T02:12:00 PDT" name="Default test" finished-at="2025-05-21T02:12:32 PDT" duration-ms="32137">
      <class name="appuimMobileTest.myTestCases">
        <test-method is-config="true" signature="mySetup()[pri:0, instance:appuimMobileTest.myTestCases@247bddad]" started-at="2025-05-21T02:12:00 PDT" name="mySetup" finished-at="2025-05-21T02:12:00 PDT" duration-ms="9" status="PASS">
          <reporter-output>
          </reporter-output>
        </test-method> <!-- mySetup -->
        <test-method is-config="true" signature="beforeEachTest()[pri:0, instance:appuimMobileTest.myTestCases@247bddad]" started-at="2025-05-21T02:12:00 PDT" name="beforeEachTest" finished-at="2025-05-21T02:12:05 PDT" duration-ms="5721" status="PASS">
          <reporter-output>
          </reporter-output>
        </test-method> <!-- beforeEachTest -->
        <test-method signature="myTest()[pri:1, instance:appuimMobileTest.myTestCases@247bddad]" started-at="2025-05-21T02:12:05 PDT" name="myTest" finished-at="2025-05-21T02:12:09 PDT" duration-ms="3956" status="PASS">
          <reporter-output>
          </reporter-output>
        </test-method> <!-- myTest -->
        <test-method is-config="true" signature="beforeEachTest()[pri:0, instance:appuimMobileTest.myTestCases@247bddad]" started-at="2025-05-21T02:12:09 PDT" name="beforeEachTest" finished-at="2025-05-21T02:12:16 PDT" duration-ms="6502" status="PASS">
          <reporter-output>
          </reporter-output>
        </test-method> <!-- beforeEachTest -->
        <test-method signature="clickAllNumber()[pri:2, instance:appuimMobileTest.myTestCases@247bddad]" started-at="2025-05-21T02:12:16 PDT" name="clickAllNumber" finished-at="2025-05-21T02:12:32 PDT" duration-ms="15925" status="PASS">
          <reporter-output>
          </reporter-output>
        </test-method> <!-- clickAllNumber -->
      </class> <!-- appuimMobileTest.myTestCases -->
    </test> <!-- Default test -->
  </suite> <!-- Default suite -->
</testng-results>
